<?xml version="1.0" encoding="UTF-8"?>
<!-- Generated by org.testng.reporters.JUnitReportReporter -->
<testsuite hostname="LAPTOP-NNBT4H38" failures="0" tests="1" name="LoginTest" time="46.851" errors="0" timestamp="2022-11-12T17:58:01 IST" skipped="0">
  <testcase classname="LoginTest" name="loginSuccessfull" time="46.851"/>
  <system-out/>
</testsuite> <!-- LoginTest -->
