<?xml version="1.0" encoding="UTF-8"?>
<!-- Generated by org.testng.reporters.JUnitReportReporter -->
<testsuite hostname="LAPTOP-NNBT4H38" failures="0" tests="3" name="Tests.LoginTest" time="5.790" errors="0" timestamp="2022-12-18T14:00:30 IST" skipped="2">
  <testcase classname="Tests.LoginTest" name="pedgog" time="5.790"/>
  <system-out/>
  <testcase classname="Tests.LoginTest" name="loginWithWrongPassword">
    <skipped/>
  </testcase> <!-- loginWithWrongPassword -->
  <system-out/>
  <testcase classname="Tests.LoginTest" name="loginSuccessfull">
    <skipped/>
  </testcase> <!-- loginSuccessfull -->
  <system-out/>
</testsuite> <!-- Tests.LoginTest -->
