<?xml version="1.0" encoding="UTF-8"?>
<!-- Generated by org.testng.reporters.JUnitReportReporter -->
<testsuite hostname="LAPTOP-NNBT4H38" failures="0" tests="2" name="Tests.DummyTest" time="32.830" errors="0" timestamp="2022-11-16T15:00:04 IST" skipped="0">
  <testcase classname="Tests.DummyTest" name="amazon" time="4.588"/>
  <system-out/>
  <testcase classname="Tests.DummyTest" name="mvnrepository" time="28.242"/>
  <system-out/>
</testsuite> <!-- Tests.DummyTest -->
